<?xml version="1.0" encoding="UTF-8"?>
<!-- Generated by org.testng.reporters.JUnitReportReporter -->
<testsuite hostname="Sirivulisetty" failures="0" tests="1" name="Tests.Reports" time="14.036" errors="0" timestamp="2025-01-08T11:59:43 IST" skipped="0">
  <testcase classname="Tests.Reports" name="validateReports" time="14.036"/>
</testsuite> <!-- Tests.Reports -->
